
Circuit 1 cell sky130_fd_pr__nfet_01v8 and Circuit 2 cell sky130_fd_pr__nfet_01v8 are black boxes.
Warning: Equate pins:  cell sky130_fd_pr__nfet_01v8 is a placeholder, treated as a black box.
Warning: Equate pins:  cell sky130_fd_pr__nfet_01v8 is a placeholder, treated as a black box.

Subcircuit pins:
Circuit 1: sky130_fd_pr__nfet_01v8         |Circuit 2: sky130_fd_pr__nfet_01v8         
-------------------------------------------|-------------------------------------------
1                                          |1                                          
2                                          |2                                          
3                                          |3                                          
4                                          |4                                          
---------------------------------------------------------------------------------------
Cell pin lists are equivalent.
Device classes sky130_fd_pr__nfet_01v8 and sky130_fd_pr__nfet_01v8 are equivalent.
Flattening unmatched subcell sky130_fd_pr__nfet_01v8_Q6XT6P in circuit nmos_cs (0)(2 instances)
Flattening unmatched subcell sky130_fd_pr__nfet_01v8_TC9PLT in circuit nmos_cs (0)(4 instances)

Class nmos_cs (0):  Merged 4 parallel devices.
Subcircuit summary:
Circuit 1: nmos_cs                         |Circuit 2: nmos_cs                         
-------------------------------------------|-------------------------------------------
sky130_fd_pr__nfet_01v8 (8->4)             |sky130_fd_pr__nfet_01v8 (8->4)             
Number of devices: 4                       |Number of devices: 4                       
Number of nets: 4                          |Number of nets: 4                          
---------------------------------------------------------------------------------------
Netlists match uniquely.

Subcircuit pins:
Circuit 1: nmos_cs                         |Circuit 2: nmos_cs                         
-------------------------------------------|-------------------------------------------
rs                                         |rs                                         
vgnd                                       |vgnd                                       
d4                                         |d4                                         
d3                                         |d3                                         
---------------------------------------------------------------------------------------
Cell pin lists are equivalent.
Device classes nmos_cs and nmos_cs are equivalent.

Final result: Circuits match uniquely.
.
