
Circuit 1 cell sky130_fd_pr__pfet_01v8 and Circuit 2 cell sky130_fd_pr__pfet_01v8 are black boxes.
Warning: Equate pins:  cell sky130_fd_pr__pfet_01v8 is a placeholder, treated as a black box.
Warning: Equate pins:  cell sky130_fd_pr__pfet_01v8 is a placeholder, treated as a black box.

Subcircuit pins:
Circuit 1: sky130_fd_pr__pfet_01v8         |Circuit 2: sky130_fd_pr__pfet_01v8         
-------------------------------------------|-------------------------------------------
1                                          |1                                          
2                                          |2                                          
3                                          |3                                          
4                                          |4                                          
---------------------------------------------------------------------------------------
Cell pin lists are equivalent.
Device classes sky130_fd_pr__pfet_01v8 and sky130_fd_pr__pfet_01v8 are equivalent.

Circuit 1 cell sky130_fd_pr__nfet_01v8 and Circuit 2 cell sky130_fd_pr__nfet_01v8 are black boxes.
Warning: Equate pins:  cell sky130_fd_pr__nfet_01v8 is a placeholder, treated as a black box.
Warning: Equate pins:  cell sky130_fd_pr__nfet_01v8 is a placeholder, treated as a black box.

Subcircuit pins:
Circuit 1: sky130_fd_pr__nfet_01v8         |Circuit 2: sky130_fd_pr__nfet_01v8         
-------------------------------------------|-------------------------------------------
1                                          |1                                          
2                                          |2                                          
3                                          |3                                          
4                                          |4                                          
---------------------------------------------------------------------------------------
Cell pin lists are equivalent.
Device classes sky130_fd_pr__nfet_01v8 and sky130_fd_pr__nfet_01v8 are equivalent.
Flattening unmatched subcell sky130_fd_pr__pfet_01v8_C6L7Y6 in circuit pmos_dif (0)(1 instance)
Flattening unmatched subcell sky130_fd_pr__pfet_01v8_2XUZHN in circuit pmos_dif (0)(8 instances)
Flattening unmatched subcell sky130_fd_pr__pfet_01v8_XLJ7Y8 in circuit pmos_dif (0)(1 instance)
Flattening unmatched subcell sky130_fd_pr__pfet_01v8_BHVYY6 in circuit pmos_dif (0)(2 instances)

Class pmos_dif (0):  Merged 12 parallel devices.
Subcircuit summary:
Circuit 1: pmos_dif                        |Circuit 2: pmos_dif                        
-------------------------------------------|-------------------------------------------
sky130_fd_pr__pfet_01v8 (16->4)            |sky130_fd_pr__pfet_01v8 (16->4)            
Number of devices: 4                       |Number of devices: 4                       
Number of nets: 6                          |Number of nets: 6                          
---------------------------------------------------------------------------------------
Resolving symmetries by property value.
Resolving symmetries by pin name.
Netlists match uniquely.

Subcircuit pins:
Circuit 1: pmos_dif                        |Circuit 2: pmos_dif                        
-------------------------------------------|-------------------------------------------
d5                                         |d5                                         
vip                                        |vip                                        
vin                                        |vin                                        
vdd                                        |vdd                                        
d6                                         |d6                                         
d7                                         |d7                                         
---------------------------------------------------------------------------------------
Cell pin lists are equivalent.
Device classes pmos_dif and pmos_dif are equivalent.
Flattening unmatched subcell sky130_fd_pr__nfet_01v8_Q6XT6P in circuit nmos_cs (0)(2 instances)
Flattening unmatched subcell sky130_fd_pr__nfet_01v8_TC9PLT in circuit nmos_cs (0)(4 instances)

Class nmos_cs (0):  Merged 4 parallel devices.
Subcircuit summary:
Circuit 1: nmos_cs                         |Circuit 2: nmos_cs                         
-------------------------------------------|-------------------------------------------
sky130_fd_pr__nfet_01v8 (8->4)             |sky130_fd_pr__nfet_01v8 (8->4)             
Number of devices: 4                       |Number of devices: 4                       
Number of nets: 4                          |Number of nets: 4                          
---------------------------------------------------------------------------------------
Netlists match uniquely.

Subcircuit pins:
Circuit 1: nmos_cs                         |Circuit 2: nmos_cs                         
-------------------------------------------|-------------------------------------------
rs                                         |rs                                         
vgnd                                       |vgnd                                       
d4                                         |d4                                         
d3                                         |d3                                         
---------------------------------------------------------------------------------------
Cell pin lists are equivalent.
Device classes nmos_cs and nmos_cs are equivalent.
Flattening unmatched subcell sky130_fd_pr__nfet_01v8_5MNGEB in circuit nmos_dif (0)(4 instances)
Flattening unmatched subcell sky130_fd_pr__nfet_01v8_6H9P4D in circuit nmos_dif (0)(4 instances)

Class nmos_dif (0):  Merged 8 parallel devices.
Subcircuit summary:
Circuit 1: nmos_dif                        |Circuit 2: nmos_dif                        
-------------------------------------------|-------------------------------------------
sky130_fd_pr__nfet_01v8 (12->4)            |sky130_fd_pr__nfet_01v8 (12->4)            
Number of devices: 4                       |Number of devices: 4                       
Number of nets: 3                          |Number of nets: 3                          
---------------------------------------------------------------------------------------
Netlists match uniquely.

Subcircuit pins:
Circuit 1: nmos_dif                        |Circuit 2: nmos_dif                        
-------------------------------------------|-------------------------------------------
d9                                         |d9                                         
d8                                         |d8                                         
vgnd                                       |vgnd                                       
---------------------------------------------------------------------------------------
Cell pin lists are equivalent.
Device classes nmos_dif and nmos_dif are equivalent.
Flattening unmatched subcell sky130_fd_pr__pfet_01v8_2ZH9AN in circuit pmos_cs (0)(8 instances)
Flattening unmatched subcell sky130_fd_pr__pfet_01v8_SDE6B7 in circuit pmos_cs (0)(4 instances)

Class pmos_cs (0):  Merged 9 parallel devices.
Class pmos_cs (1):  Merged 1 parallel devices.
Subcircuit summary:
Circuit 1: pmos_cs                         |Circuit 2: pmos_cs                         
-------------------------------------------|-------------------------------------------
sky130_fd_pr__pfet_01v8 (16->7)            |sky130_fd_pr__pfet_01v8 (16->7)            
Number of devices: 7                       |Number of devices: 7                       
Number of nets: 4                          |Number of nets: 4                          
---------------------------------------------------------------------------------------
Resolving symmetries by property value.
Resolving symmetries by pin name.
Netlists match uniquely.

Subcircuit pins:
Circuit 1: pmos_cs                         |Circuit 2: pmos_cs                         
-------------------------------------------|-------------------------------------------
d2                                         |d2                                         
vdd                                        |vdd                                        
d1                                         |d1                                         
d5                                         |d5                                         
---------------------------------------------------------------------------------------
Cell pin lists are equivalent.
Device classes pmos_cs and pmos_cs are equivalent.

Subcircuit summary:
Circuit 1: opamp                           |Circuit 2: opamp                           
-------------------------------------------|-------------------------------------------
pmos_dif (1)                               |pmos_dif (1)                               
nmos_cs (1)                                |nmos_cs (1)                                
nmos_dif (1)                               |nmos_dif (1)                               
pmos_cs (1)                                |pmos_cs (1)                                
Number of devices: 4                       |Number of devices: 4                       
Number of nets: 10                         |Number of nets: 10                         
---------------------------------------------------------------------------------------
Netlists match uniquely.

Subcircuit pins:
Circuit 1: opamp                           |Circuit 2: opamp                           
-------------------------------------------|-------------------------------------------
vip                                        |vip                                        
vin                                        |vin                                        
rs                                         |rs                                         
out                                        |out                                        
vgnd                                       |vgnd                                       
vdd                                        |vdd                                        
---------------------------------------------------------------------------------------
Cell pin lists are equivalent.
Device classes opamp and opamp are equivalent.

Final result: Circuits match uniquely.
.
